<!DOCTYPE html PUBLIC "-//W3C//DTD XHTML 1.1//EN" "http://www.w3.org/TR/xhtml11/DTD/xhtml11.dtd">
<html xmlns="http://www.w3.org/1999/xhtml">
<head>
<style type="text/css">
table {margin-bottom:10px;border-collapse:collapse;empty-cells:show}
td,th {border:1px solid #009;padding:.25em .5em}
.result th {vertical-align:bottom}
.param th {padding-left:1em;padding-right:1em}
.param td {padding-left:.5em;padding-right:2em}
.stripe td,.stripe th {background-color: #E6EBF9}
.numi,.numi_attn {text-align:right}
.total td {font-weight:bold}
.passedodd td {background-color: #0A0}
.passedeven td {background-color: #3F3}
.skippedodd td {background-color: #CCC}
.skippedodd td {background-color: #DDD}
.failedodd td,.numi_attn {background-color: #F33}
.failedeven td,.stripe .numi_attn {background-color: #D00}
.stacktrace {white-space:pre;font-family:monospace}
.totop {font-size:75%;text-align:center;border-bottom:1px solid #000}
</style>
</head>
<body>
<center><h1>Test Results - 2023 - Aug- 19 09:26:05</h1></center><table style="border:1px solid black;margin-left:auto;margin-right:auto; cellspacing="0" cellpadding="0" class="testOverview">
<tr><tr><th colspan="10">ENV URL: https://demoqa.com/</th></tr>
<th>Test</th><th>Methods<br/>Passed</th><th># skipped</th><th># failed</th><th>Browser</th><th>Start<br/>Time</th><th>End<br/>Time</th><th>Total<br/>Time(hh:mm:ss)</th><th>Included<br/>Groups</th><th>Excluded<br/>Groups</th></tr>
<tr><th colspan="10">Simple Smoke Test Suite</th></tr>
<tr><td style="text-align:left;padding-right:2em"><a href="#t1"><b>Simple Smoke Test serial execution</b></a></td><td class="numi">0</td><td class="numi_attn">1</td><td class="numi">0</td><td class="numi">null</td></td>
<td class="numi">09:25:46</td></td>
<td class="numi">09:25:55</td></td>
<td class="numi">00:00:09</td><td class="numi"></td><td class="numi"></td></tr>
</table>
<table style="border:1px solid black;margin-left:auto;margin-right:auto; cellspacing="0" cellpadding="0" class="methodOverview" id="summary">
<tr><th>Class</th><th>Method</th><th>Exception Info</th><th>Start Time </th><th>Execution Time<br/>(hh:mm:ss)</th></tr>
<tr id="t1"><th colspan="5">Simple Smoke Test serial execution &#8212; failed (configuration methods)</th></tr>
<tr class="failedodd"><td>com.demoQATest.DemoQAFormsPageTest</td><td><a href="#m1"><b>beforeClass</b>  </a></td><td class="numi" style="text-align:left;padding-right:2em">java.lang.NoClassDefFoundError: org/openqa/selenium/ImeActivationFailedException<br/></td><td style="text-align:right">09:25:51</td><td class="numi">00:00:02</td></tr>
<tr><th colspan="5">Simple Smoke Test serial execution &#8212; skipped (configuration methods)</th></tr>
<tr class="skippedodd"><td rowspan="2">com.demoQATest.DemoQAFormsPageTest</td><td><a href="#m2"><b>beforeMethod</b>  </a></td><td class="numi" style="text-align:left;padding-right:2em"><br/></td><td style="text-align:right">09:25:54</td><td class="numi">00:00:00</td></tr><tr class="skippedodd"><td><a href="#m3"><b>tearDownMethod</b>  </a></td><td class="numi" style="text-align:left;padding-right:2em"><br/></td><td style="text-align:right">09:25:54</td><td class="numi">00:00:00</td></tr>
<tr><th colspan="5">Simple Smoke Test serial execution &#8212; skipped</th></tr>
<tr class="skippedodd"><td>com.demoQATest.DemoQAFormsPageTest</td><td><a href="#m4"><b>Application</b>  </a></td><td class="numi" style="text-align:left;padding-right:2em">java.lang.NoClassDefFoundError: org/openqa/selenium/ImeActivationFailedException<br/></td><td style="text-align:right">09:25:54</td><td class="numi">00:00:00</td></tr>
</table>
<h1>Test result details</h1>
<h4 id="m1">com.demoQATest.DemoQAFormsPageTest : beforeClass</h4>
<table style="border:1px solid black;margin-left:auto;margin-right:auto; cellspacing="0" cellpadding="0" class="result">
<tr class="param"><th>Param.1</th></tr>
<tr class="param stripe"><td>safari</td>
</tr>
<tr><td>
<div class="stacktrace">java.lang.NoClassDefFoundError: org/openqa/selenium/ImeActivationFailedException
	at org.openqa.selenium.remote.ErrorCodes.&lt;clinit&gt;(ErrorCodes.java:223)
	at org.openqa.selenium.remote.ErrorHandler.&lt;init&gt;(ErrorHandler.java:68)
	at org.openqa.selenium.remote.ErrorHandler.&lt;init&gt;(ErrorHandler.java:59)
	at org.openqa.selenium.remote.RemoteWebDriver.&lt;init&gt;(RemoteWebDriver.java:111)
	at org.openqa.selenium.safari.SafariDriver.&lt;init&gt;(SafariDriver.java:79)
	at org.openqa.selenium.safari.SafariDriver.&lt;init&gt;(SafariDriver.java:58)
	at com.sample.util.BaseClass.beforeClass(BaseClass.java:139)
	at java.base/java.util.ArrayList.forEach(ArrayList.java:1511)
	at com.intellij.rt.testng.IDEARemoteTestNG.run(IDEARemoteTestNG.java:66)
	at com.intellij.rt.testng.RemoteTestNGStarter.main(RemoteTestNGStarter.java:105)
Caused by: java.lang.ClassNotFoundException: org.openqa.selenium.ImeActivationFailedException
	at java.base/jdk.internal.loader.BuiltinClassLoader.loadClass(BuiltinClassLoader.java:641)
	at java.base/jdk.internal.loader.ClassLoaders$AppClassLoader.loadClass(ClassLoaders.java:188)
	at java.base/java.lang.ClassLoader.loadClass(ClassLoader.java:525)
	... 32 more
... Removed 22 stack frames</div>
</td></tr>
</table>
<p class="totop"><a href="#summary">back to summary</a></p>
<h4 id="m2">com.demoQATest.DemoQAFormsPageTest : beforeMethod</h4>
<p class="totop"><a href="#summary">back to summary</a></p>
<h4 id="m3">com.demoQATest.DemoQAFormsPageTest : beforeMethod</h4>
<p class="totop"><a href="#summary">back to summary</a></p>
<h4 id="m4">com.demoQATest.DemoQAFormsPageTest : beforeMethod</h4>
<p class="totop"><a href="#summary">back to summary</a></p>
<h4 id="m5">com.demoQATest.DemoQAFormsPageTest : tearDownMethod</h4>
<p class="totop"><a href="#summary">back to summary</a></p>
<h4 id="m6">com.demoQATest.DemoQAFormsPageTest : tearDownMethod</h4>
<p class="totop"><a href="#summary">back to summary</a></p>
<h4 id="m7">com.demoQATest.DemoQAFormsPageTest : tearDownMethod</h4>
<p class="totop"><a href="#summary">back to summary</a></p>
<h4 id="m8">com.demoQATest.DemoQAFormsPageTest : Application</h4>
<table style="border:1px solid black;margin-left:auto;margin-right:auto; cellspacing="0" cellpadding="0" class="result">
<tr class="param"><th>Param.1</th><th>Param.2</th><th>Param.3</th><th>Param.4</th><th>Param.5</th><th>Param.6</th><th>Param.7</th><th>Param.8</th><th>Param.9</th><th>Param.10</th><th>Param.11</th><th>Param.12</th></tr>
<tr class="param stripe"><td>public void com.demoQATest.DemoQAFormsPageTest.Application(java.lang.reflect.Method,java.lang.String,java.lang.String,java.lang.String,java.lang.String,java.lang.String,java.lang.String,java.lang.String,java.lang.String,java.lang.String,java.lang.String,java.lang.String) throws java.awt.AWTException,java.lang.InterruptedException</td>
<td>Sapna</td>
<td>Kumari</td>
<td>sapna@gmail.com</td>
<td>Female</td>
<td>8888888888</td>
<td>20 August 2022</td>
<td>Maths</td>
<td>Reading</td>
<td>Patna</td>
<td>Haryana</td>
<td>Karnal</td>
</tr>
<tr><td colspan="12">
<div class="stacktrace">java.lang.NoClassDefFoundError: org/openqa/selenium/ImeActivationFailedException
	at org.openqa.selenium.remote.ErrorCodes.&lt;clinit&gt;(ErrorCodes.java:223)
	at org.openqa.selenium.remote.ErrorHandler.&lt;init&gt;(ErrorHandler.java:68)
	at org.openqa.selenium.remote.ErrorHandler.&lt;init&gt;(ErrorHandler.java:59)
	at org.openqa.selenium.remote.RemoteWebDriver.&lt;init&gt;(RemoteWebDriver.java:111)
	at org.openqa.selenium.safari.SafariDriver.&lt;init&gt;(SafariDriver.java:79)
	at org.openqa.selenium.safari.SafariDriver.&lt;init&gt;(SafariDriver.java:58)
	at com.sample.util.BaseClass.beforeClass(BaseClass.java:139)
	at java.base/java.util.ArrayList.forEach(ArrayList.java:1511)
	at com.intellij.rt.testng.IDEARemoteTestNG.run(IDEARemoteTestNG.java:66)
	at com.intellij.rt.testng.RemoteTestNGStarter.main(RemoteTestNGStarter.java:105)
Caused by: java.lang.ClassNotFoundException: org.openqa.selenium.ImeActivationFailedException
	at java.base/jdk.internal.loader.BuiltinClassLoader.loadClass(BuiltinClassLoader.java:641)
	at java.base/jdk.internal.loader.ClassLoaders$AppClassLoader.loadClass(ClassLoaders.java:188)
	at java.base/java.lang.ClassLoader.loadClass(ClassLoader.java:525)
	... 32 more
... Removed 22 stack frames</div>
</td></tr>
</table>
<p class="totop"><a href="#summary">back to summary</a></p>
<h4 id="m9">com.demoQATest.DemoQAFormsPageTest : Application</h4>
<table style="border:1px solid black;margin-left:auto;margin-right:auto; cellspacing="0" cellpadding="0" class="result">
<tr class="param"><th>Param.1</th><th>Param.2</th><th>Param.3</th><th>Param.4</th><th>Param.5</th><th>Param.6</th><th>Param.7</th><th>Param.8</th><th>Param.9</th><th>Param.10</th><th>Param.11</th><th>Param.12</th></tr>
<tr class="param stripe"><td>public void com.demoQATest.DemoQAFormsPageTest.Application(java.lang.reflect.Method,java.lang.String,java.lang.String,java.lang.String,java.lang.String,java.lang.String,java.lang.String,java.lang.String,java.lang.String,java.lang.String,java.lang.String,java.lang.String) throws java.awt.AWTException,java.lang.InterruptedException</td>
<td>Davinder</td>
<td>Sharma</td>
<td>davinder@gmail.com</td>
<td>male</td>
<td>9999999999</td>
<td>12 March 2020</td>
<td>English</td>
<td>Sports</td>
<td>Bengaluru</td>
<td>NCR</td>
<td>Delhi</td>
</tr>
<tr><td colspan="12">
<div class="stacktrace">java.lang.NoClassDefFoundError: org/openqa/selenium/ImeActivationFailedException
	at org.openqa.selenium.remote.ErrorCodes.&lt;clinit&gt;(ErrorCodes.java:223)
	at org.openqa.selenium.remote.ErrorHandler.&lt;init&gt;(ErrorHandler.java:68)
	at org.openqa.selenium.remote.ErrorHandler.&lt;init&gt;(ErrorHandler.java:59)
	at org.openqa.selenium.remote.RemoteWebDriver.&lt;init&gt;(RemoteWebDriver.java:111)
	at org.openqa.selenium.safari.SafariDriver.&lt;init&gt;(SafariDriver.java:79)
	at org.openqa.selenium.safari.SafariDriver.&lt;init&gt;(SafariDriver.java:58)
	at com.sample.util.BaseClass.beforeClass(BaseClass.java:139)
	at java.base/java.util.ArrayList.forEach(ArrayList.java:1511)
	at com.intellij.rt.testng.IDEARemoteTestNG.run(IDEARemoteTestNG.java:66)
	at com.intellij.rt.testng.RemoteTestNGStarter.main(RemoteTestNGStarter.java:105)
Caused by: java.lang.ClassNotFoundException: org.openqa.selenium.ImeActivationFailedException
	at java.base/jdk.internal.loader.BuiltinClassLoader.loadClass(BuiltinClassLoader.java:641)
	at java.base/jdk.internal.loader.ClassLoaders$AppClassLoader.loadClass(ClassLoaders.java:188)
	at java.base/java.lang.ClassLoader.loadClass(ClassLoader.java:525)
	... 32 more
... Removed 22 stack frames</div>
</td></tr>
</table>
<p class="totop"><a href="#summary">back to summary</a></p>
<h4 id="m10">com.demoQATest.DemoQAFormsPageTest : Application</h4>
<table style="border:1px solid black;margin-left:auto;margin-right:auto; cellspacing="0" cellpadding="0" class="result">
<tr class="param"><th>Param.1</th><th>Param.2</th><th>Param.3</th><th>Param.4</th><th>Param.5</th><th>Param.6</th><th>Param.7</th><th>Param.8</th><th>Param.9</th><th>Param.10</th><th>Param.11</th><th>Param.12</th></tr>
<tr class="param stripe"><td>public void com.demoQATest.DemoQAFormsPageTest.Application(java.lang.reflect.Method,java.lang.String,java.lang.String,java.lang.String,java.lang.String,java.lang.String,java.lang.String,java.lang.String,java.lang.String,java.lang.String,java.lang.String,java.lang.String) throws java.awt.AWTException,java.lang.InterruptedException</td>
<td>Random</td>
<td>Name</td>
<td>random@gmail.com</td>
<td>OTHERS</td>
<td>7777777777</td>
<td>20 June 2008</td>
<td>Accounting</td>
<td>Music</td>
<td>Nepal</td>
<td>Rajasthan</td>
<td>Jaipur</td>
</tr>
<tr><td colspan="12">
<div class="stacktrace">java.lang.NoClassDefFoundError: org/openqa/selenium/ImeActivationFailedException
	at org.openqa.selenium.remote.ErrorCodes.&lt;clinit&gt;(ErrorCodes.java:223)
	at org.openqa.selenium.remote.ErrorHandler.&lt;init&gt;(ErrorHandler.java:68)
	at org.openqa.selenium.remote.ErrorHandler.&lt;init&gt;(ErrorHandler.java:59)
	at org.openqa.selenium.remote.RemoteWebDriver.&lt;init&gt;(RemoteWebDriver.java:111)
	at org.openqa.selenium.safari.SafariDriver.&lt;init&gt;(SafariDriver.java:79)
	at org.openqa.selenium.safari.SafariDriver.&lt;init&gt;(SafariDriver.java:58)
	at com.sample.util.BaseClass.beforeClass(BaseClass.java:139)
	at java.base/java.util.ArrayList.forEach(ArrayList.java:1511)
	at com.intellij.rt.testng.IDEARemoteTestNG.run(IDEARemoteTestNG.java:66)
	at com.intellij.rt.testng.RemoteTestNGStarter.main(RemoteTestNGStarter.java:105)
Caused by: java.lang.ClassNotFoundException: org.openqa.selenium.ImeActivationFailedException
	at java.base/jdk.internal.loader.BuiltinClassLoader.loadClass(BuiltinClassLoader.java:641)
	at java.base/jdk.internal.loader.ClassLoaders$AppClassLoader.loadClass(ClassLoaders.java:188)
	at java.base/java.lang.ClassLoader.loadClass(ClassLoader.java:525)
	... 32 more
... Removed 22 stack frames</div>
</td></tr>
</table>
<p class="totop"><a href="#summary">back to summary</a></p>
<center>****** End of customized TestNG Report ****** </center>
</body></html>
