<!DOCTYPE html PUBLIC "-//W3C//DTD XHTML 1.1//EN" "http://www.w3.org/TR/xhtml11/DTD/xhtml11.dtd">
<html xmlns="http://www.w3.org/1999/xhtml">
<head>
<style type="text/css">
table {margin-bottom:10px;border-collapse:collapse;empty-cells:show}
td,th {border:1px solid #009;padding:.25em .5em}
.result th {vertical-align:bottom}
.param th {padding-left:1em;padding-right:1em}
.param td {padding-left:.5em;padding-right:2em}
.stripe td,.stripe th {background-color: #E6EBF9}
.numi,.numi_attn {text-align:right}
.total td {font-weight:bold}
.passedodd td {background-color: #0A0}
.passedeven td {background-color: #3F3}
.skippedodd td {background-color: #CCC}
.skippedodd td {background-color: #DDD}
.failedodd td,.numi_attn {background-color: #F33}
.failedeven td,.stripe .numi_attn {background-color: #D00}
.stacktrace {white-space:pre;font-family:monospace}
.totop {font-size:75%;text-align:center;border-bottom:1px solid #000}
</style>
</head>
<body>
<center><h1>Test Results - 2023 - Aug- 19 09:27:17</h1></center><table style="border:1px solid black;margin-left:auto;margin-right:auto; cellspacing="0" cellpadding="0" class="testOverview">
<tr><tr><th colspan="10">ENV URL: https://demoqa.com/</th></tr>
<th>Test</th><th>Methods<br/>Passed</th><th># skipped</th><th># failed</th><th>Browser</th><th>Start<br/>Time</th><th>End<br/>Time</th><th>Total<br/>Time(hh:mm:ss)</th><th>Included<br/>Groups</th><th>Excluded<br/>Groups</th></tr>
<tr><th colspan="10">Default Suite</th></tr>
<tr><td style="text-align:left;padding-right:2em"><a href="#t1"><b>AutomationUIFramework</b></a></td><td class="numi">0</td><td class="numi_attn">1</td><td class="numi">0</td><td class="numi">null</td></td>
<td class="numi">09:27:05</td></td>
<td class="numi">09:27:12</td></td>
<td class="numi">00:00:06</td><td class="numi"></td><td class="numi"></td></tr>
</table>
<table style="border:1px solid black;margin-left:auto;margin-right:auto; cellspacing="0" cellpadding="0" class="methodOverview" id="summary">
<tr><th>Class</th><th>Method</th><th>Exception Info</th><th>Start Time </th><th>Execution Time<br/>(hh:mm:ss)</th></tr>
<tr id="t1"><th colspan="5">AutomationUIFramework &#8212; failed (configuration methods)</th></tr>
<tr class="failedodd"><td>com.demoQATest.DemoQAElementTest</td><td><a href="#m1"><b>beforeClass</b>  </a></td><td class="numi" style="text-align:left;padding-right:2em">org.testng.TestNGException: <br/></td><td style="text-align:right">09:27:11</td><td class="numi">0-470115:0-57:0-11</td></tr>
<tr><th colspan="5">AutomationUIFramework &#8212; skipped (configuration methods)</th></tr>
<tr class="skippedodd"><td rowspan="2">com.demoQATest.DemoQAElementTest</td><td><a href="#m2"><b>beforeMethod</b>  </a></td><td class="numi" style="text-align:left;padding-right:2em"><br/></td><td style="text-align:right">09:27:11</td><td class="numi">00:00:00</td></tr><tr class="skippedodd"><td><a href="#m3"><b>tearDownMethod</b>  </a></td><td class="numi" style="text-align:left;padding-right:2em"><br/></td><td style="text-align:right">09:27:11</td><td class="numi">00:00:00</td></tr>
<tr><th colspan="5">AutomationUIFramework &#8212; skipped</th></tr>
<tr class="skippedodd"><td>com.demoQATest.DemoQAElementTest</td><td><a href="#m4"><b>fillTextBoxFullAndValidate</b>  </a></td><td class="numi" style="text-align:left;padding-right:2em">org.testng.TestNGException: <br/></td><td style="text-align:right">09:27:11</td><td class="numi">00:00:00</td></tr>
</table>
<h1>Test result details</h1>
<h4 id="m1">com.demoQATest.DemoQAElementTest : beforeClass</h4>
<div>
<div class="stacktrace">org.testng.TestNGException: 
Parameter &apos;browser&apos; is required by BeforeClass on method beforeClass but has not been marked @Optional or defined
in /Users/davinder/Library/Caches/JetBrains/IdeaIC2023.1/temp-testng-customsuite.xml
	at java.base/java.util.ArrayList.forEach(ArrayList.java:1511)
	at com.intellij.rt.testng.IDEARemoteTestNG.run(IDEARemoteTestNG.java:66)
	at com.intellij.rt.testng.RemoteTestNGStarter.main(RemoteTestNGStarter.java:105)
... Removed 19 stack frames</div>
</div>
<p class="totop"><a href="#summary">back to summary</a></p>
<h4 id="m2">com.demoQATest.DemoQAElementTest : beforeMethod</h4>
<p class="totop"><a href="#summary">back to summary</a></p>
<h4 id="m3">com.demoQATest.DemoQAElementTest : tearDownMethod</h4>
<p class="totop"><a href="#summary">back to summary</a></p>
<h4 id="m4">com.demoQATest.DemoQAElementTest : fillTextBoxFullAndValidate</h4>
<table style="border:1px solid black;margin-left:auto;margin-right:auto; cellspacing="0" cellpadding="0" class="result">
<tr class="param"><th>Param.1</th></tr>
<tr class="param stripe"><td>public void com.demoQATest.DemoQAElementTest.fillTextBoxFullAndValidate(java.lang.reflect.Method) throws java.io.IOException,java.lang.InterruptedException</td>
</tr>
<tr><td>
<div class="stacktrace">org.testng.TestNGException: 
Parameter &apos;browser&apos; is required by BeforeClass on method beforeClass but has not been marked @Optional or defined
in /Users/davinder/Library/Caches/JetBrains/IdeaIC2023.1/temp-testng-customsuite.xml
	at java.base/java.util.ArrayList.forEach(ArrayList.java:1511)
	at com.intellij.rt.testng.IDEARemoteTestNG.run(IDEARemoteTestNG.java:66)
	at com.intellij.rt.testng.RemoteTestNGStarter.main(RemoteTestNGStarter.java:105)
... Removed 19 stack frames</div>
</td></tr>
</table>
<p class="totop"><a href="#summary">back to summary</a></p>
<center>****** End of customized TestNG Report ****** </center>
</body></html>
